Started GET "/" for ::1 at 2021-07-06 20:33:32 +0900
  [1m[35m (7.1ms)[0m  [1m[34mSELECT `schema_migrations`.`version` FROM `schema_migrations` ORDER BY `schema_migrations`.`version` ASC[0m
  [1m[35mCACHE  (0.0ms)[0m  [1m[34mSELECT `schema_migrations`.`version` FROM `schema_migrations` ORDER BY `schema_migrations`.`version` ASC[0m
  
ActiveRecord::PendingMigrationError (

Migrations are pending. To resolve this issue, run:

        bin/rails db:migrate RAILS_ENV=development

You have 3 pending migrations:

20210629094031_create_rooms.rb
20210629094054_create_chats.rb
20210629094125_create_user_rooms.rb


):
  
activerecord (6.1.3.2) lib/active_record/migration.rb:625:in `check_pending!'
activerecord (6.1.3.2) lib/active_record/migration.rb:590:in `block (2 levels) in call'
activesupport (6.1.3.2) lib/active_support/evented_file_update_checker.rb:59:in `execute'
activerecord (6.1.3.2) lib/active_record/migration.rb:595:in `block in call'
activerecord (6.1.3.2) lib/active_record/migration.rb:587:in `synchronize'
activerecord (6.1.3.2) lib/active_record/migration.rb:587:in `call'
actionpack (6.1.3.2) lib/action_dispatch/middleware/callbacks.rb:27:in `block in call'
activesupport (6.1.3.2) lib/active_support/callbacks.rb:98:in `run_callbacks'
actionpack (6.1.3.2) lib/action_dispatch/middleware/callbacks.rb:26:in `call'
actionpack (6.1.3.2) lib/action_dispatch/middleware/executor.rb:14:in `call'
actionpack (6.1.3.2) lib/action_dispatch/middleware/actionable_exceptions.rb:18:in `call'
actionpack (6.1.3.2) lib/action_dispatch/middleware/debug_exceptions.rb:29:in `call'
web-console (4.1.0) lib/web_console/middleware.rb:132:in `call_app'
web-console (4.1.0) lib/web_console/middleware.rb:28:in `block in call'
web-console (4.1.0) lib/web_console/middleware.rb:17:in `catch'
web-console (4.1.0) lib/web_console/middleware.rb:17:in `call'
actionpack (6.1.3.2) lib/action_dispatch/middleware/show_exceptions.rb:33:in `call'
railties (6.1.3.2) lib/rails/rack/logger.rb:37:in `call_app'
railties (6.1.3.2) lib/rails/rack/logger.rb:26:in `block in call'
activesupport (6.1.3.2) lib/active_support/tagged_logging.rb:99:in `block in tagged'
activesupport (6.1.3.2) lib/active_support/tagged_logging.rb:37:in `tagged'
activesupport (6.1.3.2) lib/active_support/tagged_logging.rb:99:in `tagged'
railties (6.1.3.2) lib/rails/rack/logger.rb:26:in `call'
sprockets-rails (3.2.2) lib/sprockets/rails/quiet_assets.rb:13:in `call'
actionpack (6.1.3.2) lib/action_dispatch/middleware/remote_ip.rb:81:in `call'
actionpack (6.1.3.2) lib/action_dispatch/middleware/request_id.rb:26:in `call'
rack (2.2.3) lib/rack/method_override.rb:24:in `call'
rack (2.2.3) lib/rack/runtime.rb:22:in `call'
activesupport (6.1.3.2) lib/active_support/cache/strategy/local_cache_middleware.rb:29:in `call'
actionpack (6.1.3.2) lib/action_dispatch/middleware/executor.rb:14:in `call'
actionpack (6.1.3.2) lib/action_dispatch/middleware/static.rb:24:in `call'
rack (2.2.3) lib/rack/sendfile.rb:110:in `call'
actionpack (6.1.3.2) lib/action_dispatch/middleware/host_authorization.rb:98:in `call'
rack-mini-profiler (2.3.2) lib/mini_profiler/profiler.rb:384:in `call'
webpacker (5.4.0) lib/webpacker/dev_server_proxy.rb:25:in `perform_request'
rack-proxy (0.7.0) lib/rack/proxy.rb:63:in `call'
railties (6.1.3.2) lib/rails/engine.rb:539:in `call'
puma (5.3.2) lib/puma/configuration.rb:249:in `call'
puma (5.3.2) lib/puma/request.rb:77:in `block in handle_request'
puma (5.3.2) lib/puma/thread_pool.rb:338:in `with_force_shutdown'
puma (5.3.2) lib/puma/request.rb:76:in `handle_request'
puma (5.3.2) lib/puma/server.rb:438:in `process_client'
puma (5.3.2) lib/puma/thread_pool.rb:145:in `block in spawn_thread'
Started POST "/rails/actions" for ::1 at 2021-07-06 20:33:34 +0900
  [1m[35m (0.9ms)[0m  [1m[34mSELECT GET_LOCK('1578095958544865130', 0)[0m
  [1m[35m (1.1ms)[0m  [1m[34mSELECT `schema_migrations`.`version` FROM `schema_migrations` ORDER BY `schema_migrations`.`version` ASC[0m
Migrating to CreateRooms (20210629094031)
  [1m[35m (0.6ms)[0m  [1m[34mSELECT @@innodb_file_per_table = 1 AND @@innodb_file_format = 'Barracuda'[0m
  [1m[35m (29.3ms)[0m  [1m[35mCREATE TABLE `rooms` (`id` bigint NOT NULL AUTO_INCREMENT PRIMARY KEY, `created_at` datetime(6) NOT NULL, `updated_at` datetime(6) NOT NULL)[0m
  [1m[36mTRANSACTION (1.5ms)[0m  [1m[35mBEGIN[0m
  [1m[36mActiveRecord::SchemaMigration Create (0.8ms)[0m  [1m[32mINSERT INTO `schema_migrations` (`version`) VALUES ('20210629094031')[0m
  [1m[36mTRANSACTION (0.7ms)[0m  [1m[35mCOMMIT[0m
Migrating to CreateChats (20210629094054)
  [1m[35m (29.1ms)[0m  [1m[35mCREATE TABLE `chats` (`id` bigint NOT NULL AUTO_INCREMENT PRIMARY KEY, `user_id` int, `room_id` int, `message` text, `created_at` datetime(6) NOT NULL, `updated_at` datetime(6) NOT NULL)[0m
  [1m[36mTRANSACTION (1.5ms)[0m  [1m[35mBEGIN[0m
  [1m[36mActiveRecord::SchemaMigration Create (1.3ms)[0m  [1m[32mINSERT INTO `schema_migrations` (`version`) VALUES ('20210629094054')[0m
  [1m[36mTRANSACTION (2.3ms)[0m  [1m[35mCOMMIT[0m
Migrating to CreateUserRooms (20210629094125)
  [1m[35m (24.7ms)[0m  [1m[35mCREATE TABLE `user_rooms` (`id` bigint NOT NULL AUTO_INCREMENT PRIMARY KEY, `user_id` int, `room_id` int, `created_at` datetime(6) NOT NULL, `updated_at` datetime(6) NOT NULL)[0m
  [1m[36mTRANSACTION (1.2ms)[0m  [1m[35mBEGIN[0m
  [1m[36mActiveRecord::SchemaMigration Create (1.4ms)[0m  [1m[32mINSERT INTO `schema_migrations` (`version`) VALUES ('20210629094125')[0m
  [1m[36mTRANSACTION (1.1ms)[0m  [1m[35mCOMMIT[0m
  [1m[36mActiveRecord::InternalMetadata Load (5.1ms)[0m  [1m[34mSELECT `ar_internal_metadata`.* FROM `ar_internal_metadata` WHERE `ar_internal_metadata`.`key` = 'environment' LIMIT 1[0m
  [1m[35m (0.8ms)[0m  [1m[34mSELECT RELEASE_LOCK('1578095958544865130')[0m
  [1m[35m (0.9ms)[0m  [1m[34mSELECT `schema_migrations`.`version` FROM `schema_migrations` ORDER BY `schema_migrations`.`version` ASC[0m
Started GET "/" for ::1 at 2021-07-06 20:33:34 +0900
  [1m[35m (1.0ms)[0m  [1m[34mSELECT `schema_migrations`.`version` FROM `schema_migrations` ORDER BY `schema_migrations`.`version` ASC[0m
Processing by PostsController#index as HTML
  Rendering layout layouts/application.html.erb
  Rendering posts/index.html.erb within layouts/application
  [1m[36mPost Load (1.0ms)[0m  [1m[34mSELECT `posts`.* FROM `posts` ORDER BY created_at DESC[0m
  ↳ app/views/posts/index.html.erb:29
  [1m[36mUser Load (0.9ms)[0m  [1m[34mSELECT `users`.* FROM `users` WHERE `users`.`id` = 1[0m
  ↳ app/views/posts/index.html.erb:29
  Rendered posts/index.html.erb within layouts/application (Duration: 28.5ms | Allocations: 18891)
  Rendered layout layouts/application.html.erb (Duration: 72.5ms | Allocations: 48594)
Completed 200 OK in 102ms (Views: 64.9ms | ActiveRecord: 9.0ms | Allocations: 56402)


Started GET "/users/sign_in" for ::1 at 2021-07-06 20:33:40 +0900
Processing by Devise::SessionsController#new as HTML
  Rendering layout layouts/application.html.erb
  Rendering devise/sessions/new.html.erb within layouts/application
  Rendered devise/sessions/new.html.erb within layouts/application (Duration: 7.8ms | Allocations: 1724)
  Rendered layout layouts/application.html.erb (Duration: 9.9ms | Allocations: 3711)
Completed 200 OK in 36ms (Views: 12.8ms | ActiveRecord: 5.8ms | Allocations: 11998)


Started POST "/users/sign_in" for ::1 at 2021-07-06 20:33:47 +0900
Processing by Devise::SessionsController#create as HTML
  Parameters: {"authenticity_token"=>"[FILTERED]", "user"=>{"email"=>"test@test.com", "password"=>"[FILTERED]"}, "commit"=>"ログイン"}
  [1m[36mUser Load (1.5ms)[0m  [1m[34mSELECT `users`.* FROM `users` WHERE `users`.`email` = 'test@test.com' ORDER BY `users`.`id` ASC LIMIT 1[0m
Redirected to http://localhost:3000/
Completed 302 Found in 341ms (ActiveRecord: 1.5ms | Allocations: 9614)


Started GET "/" for ::1 at 2021-07-06 20:33:47 +0900
Processing by PostsController#index as HTML
  [1m[36mUser Load (0.8ms)[0m  [1m[34mSELECT `users`.* FROM `users` WHERE `users`.`id` = 1 ORDER BY `users`.`id` ASC LIMIT 1[0m
  ↳ app/controllers/posts_controller.rb:6:in `index'
  Rendering layout layouts/application.html.erb
  Rendering posts/index.html.erb within layouts/application
  [1m[36mPost Load (0.6ms)[0m  [1m[34mSELECT `posts`.* FROM `posts` ORDER BY created_at DESC[0m
  ↳ app/views/posts/index.html.erb:29
  [1m[36mUser Load (0.6ms)[0m  [1m[34mSELECT `users`.* FROM `users` WHERE `users`.`id` = 1[0m
  ↳ app/views/posts/index.html.erb:29
  [1m[36mUser Load (2.9ms)[0m  [1m[34mSELECT `users`.* FROM `users` WHERE `users`.`id` != 1[0m
  ↳ app/views/posts/index.html.erb:39
  Rendered posts/index.html.erb within layouts/application (Duration: 11.2ms | Allocations: 6372)
  Rendered layout layouts/application.html.erb (Duration: 12.5ms | Allocations: 8362)
Completed 200 OK in 16ms (Views: 5.9ms | ActiveRecord: 7.8ms | Allocations: 10400)


Started GET "/posts/1" for ::1 at 2021-07-06 20:33:57 +0900
Processing by PostsController#show as HTML
  Parameters: {"id"=>"1"}
  [1m[36mPost Load (2.5ms)[0m  [1m[34mSELECT `posts`.* FROM `posts` WHERE `posts`.`id` = 1 LIMIT 1[0m
  ↳ app/controllers/posts_controller.rb:52:in `set_post'
  Rendering layout layouts/application.html.erb
  Rendering posts/show.html.erb within layouts/application
  Rendered posts/show.html.erb within layouts/application (Duration: 0.9ms | Allocations: 113)
  Rendered layout layouts/application.html.erb (Duration: 4.5ms | Allocations: 2101)
Completed 200 OK in 12ms (Views: 5.4ms | ActiveRecord: 2.5ms | Allocations: 3390)


Started GET "/cable" for ::1 at 2021-07-06 20:34:00 +0900
Started GET "/cable/" [WebSocket] for ::1 at 2021-07-06 20:34:00 +0900
Successfully upgraded to WebSocket (REQUEST_METHOD: GET, HTTP_CONNECTION: Upgrade, HTTP_UPGRADE: websocket)
Subscription class not found: "CommentChannel"
Started GET "/" for ::1 at 2021-07-06 20:34:00 +0900
Processing by PostsController#index as HTML
  [1m[36mUser Load (1.3ms)[0m  [1m[34mSELECT `users`.* FROM `users` WHERE `users`.`id` = 1 ORDER BY `users`.`id` ASC LIMIT 1[0m
  ↳ app/controllers/posts_controller.rb:6:in `index'
  Rendering layout layouts/application.html.erb
  Rendering posts/index.html.erb within layouts/application
  [1m[36mPost Load (1.3ms)[0m  [1m[34mSELECT `posts`.* FROM `posts` ORDER BY created_at DESC[0m
  ↳ app/views/posts/index.html.erb:29
  [1m[36mUser Load (1.4ms)[0m  [1m[34mSELECT `users`.* FROM `users` WHERE `users`.`id` = 1[0m
  ↳ app/views/posts/index.html.erb:29
  [1m[36mUser Load (1.4ms)[0m  [1m[34mSELECT `users`.* FROM `users` WHERE `users`.`id` != 1[0m
  ↳ app/views/posts/index.html.erb:39
  Rendered posts/index.html.erb within layouts/application (Duration: 8.7ms | Allocations: 2738)
  Rendered layout layouts/application.html.erb (Duration: 11.6ms | Allocations: 4726)
Completed 200 OK in 16ms (Views: 8.1ms | ActiveRecord: 5.4ms | Allocations: 6103)


Started GET "/posts/new" for ::1 at 2021-07-06 20:34:02 +0900
Processing by PostsController#new as HTML
  [1m[36mUser Load (1.6ms)[0m  [1m[34mSELECT `users`.* FROM `users` WHERE `users`.`id` = 1 ORDER BY `users`.`id` ASC LIMIT 1[0m
  Rendering layout layouts/application.html.erb
  Rendering posts/new.html.erb within layouts/application
  Rendered shared/_error_messages.html.erb (Duration: 0.9ms | Allocations: 204)
  Rendered posts/new.html.erb within layouts/application (Duration: 7.7ms | Allocations: 1183)
  Rendered layout layouts/application.html.erb (Duration: 11.9ms | Allocations: 3168)
Completed 200 OK in 20ms (Views: 12.8ms | ActiveRecord: 1.6ms | Allocations: 4893)


Started POST "/posts" for ::1 at 2021-07-06 20:34:11 +0900
Processing by PostsController#create as HTML
  Parameters: {"authenticity_token"=>"[FILTERED]", "post"=>{"text"=>"テストテスト"}, "commit"=>"投稿する"}
  [1m[36mUser Load (1.4ms)[0m  [1m[34mSELECT `users`.* FROM `users` WHERE `users`.`id` = 1 ORDER BY `users`.`id` ASC LIMIT 1[0m
  [1m[36mTRANSACTION (1.5ms)[0m  [1m[35mBEGIN[0m
  ↳ app/controllers/posts_controller.rb:17:in `create'
  [1m[36mUser Load (1.8ms)[0m  [1m[34mSELECT `users`.* FROM `users` WHERE `users`.`id` = 1 LIMIT 1[0m
  ↳ app/controllers/posts_controller.rb:17:in `create'
  [1m[36mPost Create (1.5ms)[0m  [1m[32mINSERT INTO `posts` (`text`, `user_id`, `created_at`, `updated_at`) VALUES ('テストテスト', 1, '2021-07-06 11:34:11.944673', '2021-07-06 11:34:11.944673')[0m
  ↳ app/controllers/posts_controller.rb:17:in `create'
  [1m[36mTRANSACTION (1.3ms)[0m  [1m[35mCOMMIT[0m
  ↳ app/controllers/posts_controller.rb:17:in `create'
Redirected to http://localhost:3000/
Completed 302 Found in 48ms (ActiveRecord: 7.6ms | Allocations: 6130)


Started GET "/" for ::1 at 2021-07-06 20:34:11 +0900
Processing by PostsController#index as HTML
  [1m[36mUser Load (1.4ms)[0m  [1m[34mSELECT `users`.* FROM `users` WHERE `users`.`id` = 1 ORDER BY `users`.`id` ASC LIMIT 1[0m
  ↳ app/controllers/posts_controller.rb:6:in `index'
  Rendering layout layouts/application.html.erb
  Rendering posts/index.html.erb within layouts/application
  [1m[36mPost Load (1.1ms)[0m  [1m[34mSELECT `posts`.* FROM `posts` ORDER BY created_at DESC[0m
  ↳ app/views/posts/index.html.erb:29
  [1m[36mUser Load (1.4ms)[0m  [1m[34mSELECT `users`.* FROM `users` WHERE `users`.`id` = 1[0m
  ↳ app/views/posts/index.html.erb:29
  [1m[36mUser Load (1.2ms)[0m  [1m[34mSELECT `users`.* FROM `users` WHERE `users`.`id` != 1[0m
  ↳ app/views/posts/index.html.erb:39
  Rendered posts/index.html.erb within layouts/application (Duration: 8.1ms | Allocations: 2955)
  Rendered layout layouts/application.html.erb (Duration: 11.0ms | Allocations: 4943)
Completed 200 OK in 15ms (Views: 7.8ms | ActiveRecord: 5.0ms | Allocations: 6305)


Started GET "/chats" for ::1 at 2021-07-06 20:38:23 +0900
  
ActionController::RoutingError (No route matches [GET] "/chats"):
  
Started GET "/" for ::1 at 2021-07-06 20:38:34 +0900
Processing by PostsController#index as HTML
  [1m[36mUser Load (1.7ms)[0m  [1m[34mSELECT `users`.* FROM `users` WHERE `users`.`id` = 1 ORDER BY `users`.`id` ASC LIMIT 1[0m
  ↳ app/controllers/posts_controller.rb:6:in `index'
  Rendering layout layouts/application.html.erb
  Rendering posts/index.html.erb within layouts/application
  [1m[36mPost Load (2.0ms)[0m  [1m[34mSELECT `posts`.* FROM `posts` ORDER BY created_at DESC[0m
  ↳ app/views/posts/index.html.erb:29
  [1m[36mUser Load (1.3ms)[0m  [1m[34mSELECT `users`.* FROM `users` WHERE `users`.`id` = 1[0m
  ↳ app/views/posts/index.html.erb:29
  [1m[36mUser Load (1.0ms)[0m  [1m[34mSELECT `users`.* FROM `users` WHERE `users`.`id` != 1[0m
  ↳ app/views/posts/index.html.erb:39
  Rendered posts/index.html.erb within layouts/application (Duration: 9.5ms | Allocations: 2944)
  Rendered layout layouts/application.html.erb (Duration: 12.3ms | Allocations: 4931)
Completed 200 OK in 53ms (Views: 8.6ms | ActiveRecord: 6.1ms | Allocations: 6291)


Started GET "/" for ::1 at 2021-07-06 20:38:37 +0900
Processing by PostsController#index as HTML
  [1m[36mUser Load (1.8ms)[0m  [1m[34mSELECT `users`.* FROM `users` WHERE `users`.`id` = 1 ORDER BY `users`.`id` ASC LIMIT 1[0m
  ↳ app/controllers/posts_controller.rb:6:in `index'
  Rendering layout layouts/application.html.erb
  Rendering posts/index.html.erb within layouts/application
  [1m[36mPost Load (1.5ms)[0m  [1m[34mSELECT `posts`.* FROM `posts` ORDER BY created_at DESC[0m
  ↳ app/views/posts/index.html.erb:29
  [1m[36mUser Load (1.4ms)[0m  [1m[34mSELECT `users`.* FROM `users` WHERE `users`.`id` = 1[0m
  ↳ app/views/posts/index.html.erb:29
  [1m[36mUser Load (1.4ms)[0m  [1m[34mSELECT `users`.* FROM `users` WHERE `users`.`id` != 1[0m
  ↳ app/views/posts/index.html.erb:39
  Rendered posts/index.html.erb within layouts/application (Duration: 10.8ms | Allocations: 2944)
  Rendered layout layouts/application.html.erb (Duration: 14.9ms | Allocations: 4930)
Completed 200 OK in 21ms (Views: 11.2ms | ActiveRecord: 6.2ms | Allocations: 6288)


Started GET "/" for ::1 at 2021-07-06 20:44:07 +0900
Processing by PostsController#index as HTML
  [1m[36mUser Load (4.7ms)[0m  [1m[34mSELECT `users`.* FROM `users` WHERE `users`.`id` = 1 ORDER BY `users`.`id` ASC LIMIT 1[0m
  ↳ app/controllers/posts_controller.rb:6:in `index'
  Rendering layout layouts/application.html.erb
  Rendering posts/index.html.erb within layouts/application
  [1m[36mPost Load (2.9ms)[0m  [1m[34mSELECT `posts`.* FROM `posts` ORDER BY created_at DESC[0m
  ↳ app/views/posts/index.html.erb:29
  [1m[36mUser Load (1.8ms)[0m  [1m[34mSELECT `users`.* FROM `users` WHERE `users`.`id` = 1[0m
  ↳ app/views/posts/index.html.erb:29
  [1m[36mUser Load (1.9ms)[0m  [1m[34mSELECT `users`.* FROM `users` WHERE `users`.`id` != 1[0m
  ↳ app/views/posts/index.html.erb:39
  Rendered posts/index.html.erb within layouts/application (Duration: 16.2ms | Allocations: 2944)
  Rendered layout layouts/application.html.erb (Duration: 25.8ms | Allocations: 4930)
Completed 200 OK in 46ms (Views: 22.8ms | ActiveRecord: 11.3ms | Allocations: 6288)


Finished "/cable/" [WebSocket] for ::1 at 2021-07-06 21:09:05 +0900
Started GET "/cable" for ::1 at 2021-07-06 21:27:39 +0900
Started GET "/cable/" [WebSocket] for ::1 at 2021-07-06 21:27:39 +0900
Successfully upgraded to WebSocket (REQUEST_METHOD: GET, HTTP_CONNECTION: Upgrade, HTTP_UPGRADE: websocket)
Subscription class not found: "CommentChannel"
Finished "/cable/" [WebSocket] for ::1 at 2021-07-06 23:05:33 +0900
Started GET "/cable" for ::1 at 2021-07-06 23:06:33 +0900
Started GET "/cable/" [WebSocket] for ::1 at 2021-07-06 23:06:33 +0900
Successfully upgraded to WebSocket (REQUEST_METHOD: GET, HTTP_CONNECTION: Upgrade, HTTP_UPGRADE: websocket)
WebSocket error occurred: Broken pipe
Finished "/cable/" [WebSocket] for ::1 at 2021-07-06 23:06:33 +0900
Started GET "/cable" for ::1 at 2021-07-06 23:09:55 +0900
Started GET "/cable/" [WebSocket] for ::1 at 2021-07-06 23:09:55 +0900
Successfully upgraded to WebSocket (REQUEST_METHOD: GET, HTTP_CONNECTION: Upgrade, HTTP_UPGRADE: websocket)
WebSocket error occurred: Broken pipe
Finished "/cable/" [WebSocket] for ::1 at 2021-07-06 23:09:55 +0900
Started GET "/cable" for ::1 at 2021-07-06 23:10:33 +0900
Started GET "/cable/" [WebSocket] for ::1 at 2021-07-06 23:10:33 +0900
Successfully upgraded to WebSocket (REQUEST_METHOD: GET, HTTP_CONNECTION: Upgrade, HTTP_UPGRADE: websocket)
WebSocket error occurred: Broken pipe
Finished "/cable/" [WebSocket] for ::1 at 2021-07-06 23:10:33 +0900
Started GET "/cable" for ::1 at 2021-07-06 23:11:51 +0900
Started GET "/cable/" [WebSocket] for ::1 at 2021-07-06 23:11:51 +0900
Successfully upgraded to WebSocket (REQUEST_METHOD: GET, HTTP_CONNECTION: Upgrade, HTTP_UPGRADE: websocket)
WebSocket error occurred: Broken pipe
Finished "/cable/" [WebSocket] for ::1 at 2021-07-06 23:11:51 +0900
Started GET "/cable" for ::1 at 2021-07-06 23:12:39 +0900
Started GET "/cable/" [WebSocket] for ::1 at 2021-07-06 23:12:39 +0900
Successfully upgraded to WebSocket (REQUEST_METHOD: GET, HTTP_CONNECTION: Upgrade, HTTP_UPGRADE: websocket)
WebSocket error occurred: Broken pipe
Finished "/cable/" [WebSocket] for ::1 at 2021-07-06 23:12:39 +0900
Started GET "/cable" for ::1 at 2021-07-06 23:15:38 +0900
Started GET "/cable/" [WebSocket] for ::1 at 2021-07-06 23:15:38 +0900
Successfully upgraded to WebSocket (REQUEST_METHOD: GET, HTTP_CONNECTION: Upgrade, HTTP_UPGRADE: websocket)
WebSocket error occurred: Broken pipe
Finished "/cable/" [WebSocket] for ::1 at 2021-07-06 23:15:38 +0900
Started GET "/cable" for ::1 at 2021-07-06 23:16:52 +0900
Started GET "/cable/" [WebSocket] for ::1 at 2021-07-06 23:16:52 +0900
Successfully upgraded to WebSocket (REQUEST_METHOD: GET, HTTP_CONNECTION: Upgrade, HTTP_UPGRADE: websocket)
WebSocket error occurred: Broken pipe
Finished "/cable/" [WebSocket] for ::1 at 2021-07-06 23:16:52 +0900
Started GET "/cable" for ::1 at 2021-07-06 23:17:45 +0900
Started GET "/cable/" [WebSocket] for ::1 at 2021-07-06 23:17:45 +0900
Successfully upgraded to WebSocket (REQUEST_METHOD: GET, HTTP_CONNECTION: Upgrade, HTTP_UPGRADE: websocket)
WebSocket error occurred: Broken pipe
Finished "/cable/" [WebSocket] for ::1 at 2021-07-06 23:17:45 +0900
Started GET "/cable" for ::1 at 2021-07-06 23:20:46 +0900
Started GET "/cable/" [WebSocket] for ::1 at 2021-07-06 23:20:46 +0900
Successfully upgraded to WebSocket (REQUEST_METHOD: GET, HTTP_CONNECTION: Upgrade, HTTP_UPGRADE: websocket)
WebSocket error occurred: Broken pipe
Finished "/cable/" [WebSocket] for ::1 at 2021-07-06 23:20:46 +0900
Started GET "/cable" for ::1 at 2021-07-06 23:22:06 +0900
Started GET "/cable/" [WebSocket] for ::1 at 2021-07-06 23:22:06 +0900
Successfully upgraded to WebSocket (REQUEST_METHOD: GET, HTTP_CONNECTION: Upgrade, HTTP_UPGRADE: websocket)
Subscription class not found: "CommentChannel"
Started GET "/cable" for ::1 at 2021-07-08 13:01:07 +0900
  [1m[35m (0.6ms)[0m  [1m[34mSELECT `schema_migrations`.`version` FROM `schema_migrations` ORDER BY `schema_migrations`.`version` ASC[0m
Started GET "/cable/" [WebSocket] for ::1 at 2021-07-08 13:01:07 +0900
Successfully upgraded to WebSocket (REQUEST_METHOD: GET, HTTP_CONNECTION: Upgrade, HTTP_UPGRADE: websocket)
Subscription class not found: "CommentChannel"
Finished "/cable/" [WebSocket] for ::1 at 2021-07-08 13:01:10 +0900
Started GET "/" for ::1 at 2021-07-08 13:01:12 +0900
Processing by PostsController#index as HTML
  [1m[36mUser Load (0.7ms)[0m  [1m[34mSELECT `users`.* FROM `users` WHERE `users`.`id` = 1 ORDER BY `users`.`id` ASC LIMIT 1[0m
  ↳ app/controllers/posts_controller.rb:6:in `index'
Completed 404 Not Found in 39ms (ActiveRecord: 16.3ms | Allocations: 10309)


  
ActiveRecord::RecordNotFound (Couldn't find User without an ID):
  
app/controllers/posts_controller.rb:8:in `index'
Started GET "/cable" for ::1 at 2021-07-08 13:01:54 +0900
Started GET "/cable/" [WebSocket] for ::1 at 2021-07-08 13:01:54 +0900
Successfully upgraded to WebSocket (REQUEST_METHOD: GET, HTTP_CONNECTION: Upgrade, HTTP_UPGRADE: websocket)
WebSocket error occurred: Broken pipe
Finished "/cable/" [WebSocket] for ::1 at 2021-07-08 13:01:54 +0900
Started GET "/cable" for ::1 at 2021-07-08 13:03:55 +0900
Started GET "/cable/" [WebSocket] for ::1 at 2021-07-08 13:03:55 +0900
Successfully upgraded to WebSocket (REQUEST_METHOD: GET, HTTP_CONNECTION: Upgrade, HTTP_UPGRADE: websocket)
WebSocket error occurred: Broken pipe
Finished "/cable/" [WebSocket] for ::1 at 2021-07-08 13:03:55 +0900
Started GET "/cable" for ::1 at 2021-07-08 13:04:55 +0900
Started GET "/cable/" [WebSocket] for ::1 at 2021-07-08 13:04:55 +0900
Successfully upgraded to WebSocket (REQUEST_METHOD: GET, HTTP_CONNECTION: Upgrade, HTTP_UPGRADE: websocket)
WebSocket error occurred: Broken pipe
Finished "/cable/" [WebSocket] for ::1 at 2021-07-08 13:04:55 +0900
Started GET "/" for ::1 at 2021-07-08 13:05:10 +0900
Processing by PostsController#index as HTML
  [1m[36mUser Load (0.9ms)[0m  [1m[34mSELECT `users`.* FROM `users` WHERE `users`.`id` = 1 ORDER BY `users`.`id` ASC LIMIT 1[0m
  ↳ app/controllers/posts_controller.rb:6:in `index'
Completed 404 Not Found in 22ms (ActiveRecord: 12.5ms | Allocations: 8568)


  
ActiveRecord::RecordNotFound (Couldn't find User without an ID):
  
app/controllers/posts_controller.rb:8:in `index'
Started GET "/cable" for ::1 at 2021-07-08 13:05:49 +0900
Started GET "/cable/" [WebSocket] for ::1 at 2021-07-08 13:05:49 +0900
Successfully upgraded to WebSocket (REQUEST_METHOD: GET, HTTP_CONNECTION: Upgrade, HTTP_UPGRADE: websocket)
WebSocket error occurred: Broken pipe
Finished "/cable/" [WebSocket] for ::1 at 2021-07-08 13:05:49 +0900
Started GET "/cable" for ::1 at 2021-07-08 13:52:49 +0900
Started GET "/cable/" [WebSocket] for ::1 at 2021-07-08 13:52:49 +0900
Successfully upgraded to WebSocket (REQUEST_METHOD: GET, HTTP_CONNECTION: Upgrade, HTTP_UPGRADE: websocket)
WebSocket error occurred: Broken pipe
Finished "/cable/" [WebSocket] for ::1 at 2021-07-08 13:52:49 +0900
Started GET "/cable" for ::1 at 2021-07-08 13:54:51 +0900
Started GET "/cable/" [WebSocket] for ::1 at 2021-07-08 13:54:51 +0900
Successfully upgraded to WebSocket (REQUEST_METHOD: GET, HTTP_CONNECTION: Upgrade, HTTP_UPGRADE: websocket)
WebSocket error occurred: Broken pipe
Finished "/cable/" [WebSocket] for ::1 at 2021-07-08 13:54:51 +0900
Started GET "/cable" for ::1 at 2021-07-08 13:56:52 +0900
Started GET "/cable/" [WebSocket] for ::1 at 2021-07-08 13:56:52 +0900
Successfully upgraded to WebSocket (REQUEST_METHOD: GET, HTTP_CONNECTION: Upgrade, HTTP_UPGRADE: websocket)
WebSocket error occurred: Broken pipe
Finished "/cable/" [WebSocket] for ::1 at 2021-07-08 13:56:52 +0900
Started GET "/cable" for ::1 at 2021-07-08 14:24:40 +0900
Started GET "/cable/" [WebSocket] for ::1 at 2021-07-08 14:24:40 +0900
Successfully upgraded to WebSocket (REQUEST_METHOD: GET, HTTP_CONNECTION: Upgrade, HTTP_UPGRADE: websocket)
Finished "/cable/" [WebSocket] for ::1 at 2021-07-08 14:24:40 +0900
Started GET "/cable" for ::1 at 2021-07-08 14:41:27 +0900
Started GET "/cable/" [WebSocket] for ::1 at 2021-07-08 14:41:27 +0900
Successfully upgraded to WebSocket (REQUEST_METHOD: GET, HTTP_CONNECTION: Upgrade, HTTP_UPGRADE: websocket)
WebSocket error occurred: Broken pipe
Finished "/cable/" [WebSocket] for ::1 at 2021-07-08 14:41:27 +0900
Started GET "/cable" for ::1 at 2021-07-08 14:50:30 +0900
Started GET "/cable/" [WebSocket] for ::1 at 2021-07-08 14:50:30 +0900
Successfully upgraded to WebSocket (REQUEST_METHOD: GET, HTTP_CONNECTION: Upgrade, HTTP_UPGRADE: websocket)
WebSocket error occurred: Broken pipe
Finished "/cable/" [WebSocket] for ::1 at 2021-07-08 14:50:30 +0900
Started GET "/cable" for ::1 at 2021-07-08 14:53:26 +0900
Started GET "/cable/" [WebSocket] for ::1 at 2021-07-08 14:53:26 +0900
Successfully upgraded to WebSocket (REQUEST_METHOD: GET, HTTP_CONNECTION: Upgrade, HTTP_UPGRADE: websocket)
Finished "/cable/" [WebSocket] for ::1 at 2021-07-08 14:53:26 +0900
Started GET "/cable" for ::1 at 2021-07-08 14:54:27 +0900
Started GET "/cable/" [WebSocket] for ::1 at 2021-07-08 14:54:27 +0900
Successfully upgraded to WebSocket (REQUEST_METHOD: GET, HTTP_CONNECTION: Upgrade, HTTP_UPGRADE: websocket)
WebSocket error occurred: Broken pipe
Finished "/cable/" [WebSocket] for ::1 at 2021-07-08 14:54:27 +0900
Started GET "/cable" for ::1 at 2021-07-08 15:12:38 +0900
Started GET "/cable/" [WebSocket] for ::1 at 2021-07-08 15:12:38 +0900
Successfully upgraded to WebSocket (REQUEST_METHOD: GET, HTTP_CONNECTION: Upgrade, HTTP_UPGRADE: websocket)
WebSocket error occurred: Broken pipe
Finished "/cable/" [WebSocket] for ::1 at 2021-07-08 15:12:38 +0900
Started GET "/cable" for ::1 at 2021-07-08 15:46:13 +0900
Started GET "/cable/" [WebSocket] for ::1 at 2021-07-08 15:46:13 +0900
Successfully upgraded to WebSocket (REQUEST_METHOD: GET, HTTP_CONNECTION: Upgrade, HTTP_UPGRADE: websocket)
WebSocket error occurred: Broken pipe
Finished "/cable/" [WebSocket] for ::1 at 2021-07-08 15:46:13 +0900
Started GET "/cable" for ::1 at 2021-07-08 15:52:13 +0900
Started GET "/cable/" [WebSocket] for ::1 at 2021-07-08 15:52:13 +0900
Successfully upgraded to WebSocket (REQUEST_METHOD: GET, HTTP_CONNECTION: Upgrade, HTTP_UPGRADE: websocket)
WebSocket error occurred: Broken pipe
Finished "/cable/" [WebSocket] for ::1 at 2021-07-08 15:52:13 +0900
Started GET "/cable" for ::1 at 2021-07-08 15:54:13 +0900
Started GET "/cable/" [WebSocket] for ::1 at 2021-07-08 15:54:13 +0900
Successfully upgraded to WebSocket (REQUEST_METHOD: GET, HTTP_CONNECTION: Upgrade, HTTP_UPGRADE: websocket)
WebSocket error occurred: Broken pipe
Finished "/cable/" [WebSocket] for ::1 at 2021-07-08 15:54:13 +0900
Started GET "/cable" for ::1 at 2021-07-08 15:56:09 +0900
Started GET "/cable/" [WebSocket] for ::1 at 2021-07-08 15:56:09 +0900
Successfully upgraded to WebSocket (REQUEST_METHOD: GET, HTTP_CONNECTION: Upgrade, HTTP_UPGRADE: websocket)
WebSocket error occurred: Broken pipe
Finished "/cable/" [WebSocket] for ::1 at 2021-07-08 15:56:09 +0900
Started GET "/cable" for ::1 at 2021-07-08 16:48:47 +0900
Started GET "/cable/" [WebSocket] for ::1 at 2021-07-08 16:48:47 +0900
Successfully upgraded to WebSocket (REQUEST_METHOD: GET, HTTP_CONNECTION: Upgrade, HTTP_UPGRADE: websocket)
WebSocket error occurred: Broken pipe
Finished "/cable/" [WebSocket] for ::1 at 2021-07-08 16:48:47 +0900
Started GET "/cable" for ::1 at 2021-07-08 16:54:54 +0900
Started GET "/cable/" [WebSocket] for ::1 at 2021-07-08 16:54:54 +0900
Successfully upgraded to WebSocket (REQUEST_METHOD: GET, HTTP_CONNECTION: Upgrade, HTTP_UPGRADE: websocket)
Finished "/cable/" [WebSocket] for ::1 at 2021-07-08 16:54:54 +0900
Started GET "/cable" for ::1 at 2021-07-08 16:56:54 +0900
Started GET "/cable/" [WebSocket] for ::1 at 2021-07-08 16:56:54 +0900
Successfully upgraded to WebSocket (REQUEST_METHOD: GET, HTTP_CONNECTION: Upgrade, HTTP_UPGRADE: websocket)
Finished "/cable/" [WebSocket] for ::1 at 2021-07-08 16:56:54 +0900
Started GET "/cable" for ::1 at 2021-07-08 18:01:42 +0900
Started GET "/cable/" [WebSocket] for ::1 at 2021-07-08 18:01:42 +0900
Successfully upgraded to WebSocket (REQUEST_METHOD: GET, HTTP_CONNECTION: Upgrade, HTTP_UPGRADE: websocket)
WebSocket error occurred: Broken pipe
Finished "/cable/" [WebSocket] for ::1 at 2021-07-08 18:01:42 +0900
Started GET "/cable" for ::1 at 2021-07-08 18:06:15 +0900
Started GET "/cable/" [WebSocket] for ::1 at 2021-07-08 18:06:15 +0900
Successfully upgraded to WebSocket (REQUEST_METHOD: GET, HTTP_CONNECTION: Upgrade, HTTP_UPGRADE: websocket)
Finished "/cable/" [WebSocket] for ::1 at 2021-07-08 18:06:15 +0900
Started GET "/cable" for ::1 at 2021-07-08 18:07:21 +0900
Started GET "/cable/" [WebSocket] for ::1 at 2021-07-08 18:07:21 +0900
Successfully upgraded to WebSocket (REQUEST_METHOD: GET, HTTP_CONNECTION: Upgrade, HTTP_UPGRADE: websocket)
WebSocket error occurred: Broken pipe
Finished "/cable/" [WebSocket] for ::1 at 2021-07-08 18:07:21 +0900
Started GET "/cable" for ::1 at 2021-07-08 18:08:17 +0900
Started GET "/cable/" [WebSocket] for ::1 at 2021-07-08 18:08:17 +0900
Successfully upgraded to WebSocket (REQUEST_METHOD: GET, HTTP_CONNECTION: Upgrade, HTTP_UPGRADE: websocket)
WebSocket error occurred: Broken pipe
Finished "/cable/" [WebSocket] for ::1 at 2021-07-08 18:08:17 +0900
Started GET "/cable" for ::1 at 2021-07-08 19:25:54 +0900
Started GET "/cable/" [WebSocket] for ::1 at 2021-07-08 19:25:54 +0900
Successfully upgraded to WebSocket (REQUEST_METHOD: GET, HTTP_CONNECTION: Upgrade, HTTP_UPGRADE: websocket)
WebSocket error occurred: Broken pipe
Finished "/cable/" [WebSocket] for ::1 at 2021-07-08 19:25:54 +0900
Started GET "/cable" for ::1 at 2021-07-08 19:26:47 +0900
Started GET "/cable/" [WebSocket] for ::1 at 2021-07-08 19:26:47 +0900
Successfully upgraded to WebSocket (REQUEST_METHOD: GET, HTTP_CONNECTION: Upgrade, HTTP_UPGRADE: websocket)
WebSocket error occurred: Broken pipe
Finished "/cable/" [WebSocket] for ::1 at 2021-07-08 19:26:47 +0900
Started GET "/cable" for ::1 at 2021-07-08 19:28:01 +0900
Started GET "/cable/" [WebSocket] for ::1 at 2021-07-08 19:28:01 +0900
Successfully upgraded to WebSocket (REQUEST_METHOD: GET, HTTP_CONNECTION: Upgrade, HTTP_UPGRADE: websocket)
WebSocket error occurred: Broken pipe
Finished "/cable/" [WebSocket] for ::1 at 2021-07-08 19:28:01 +0900
Started GET "/cable" for ::1 at 2021-07-08 19:29:52 +0900
Started GET "/cable/" [WebSocket] for ::1 at 2021-07-08 19:29:52 +0900
Successfully upgraded to WebSocket (REQUEST_METHOD: GET, HTTP_CONNECTION: Upgrade, HTTP_UPGRADE: websocket)
Finished "/cable/" [WebSocket] for ::1 at 2021-07-08 19:29:52 +0900
Started GET "/cable" for ::1 at 2021-07-08 20:49:02 +0900
Started GET "/cable/" [WebSocket] for ::1 at 2021-07-08 20:49:02 +0900
Successfully upgraded to WebSocket (REQUEST_METHOD: GET, HTTP_CONNECTION: Upgrade, HTTP_UPGRADE: websocket)
Finished "/cable/" [WebSocket] for ::1 at 2021-07-08 20:49:02 +0900
Started GET "/cable" for ::1 at 2021-07-08 23:36:32 +0900
Started GET "/cable/" [WebSocket] for ::1 at 2021-07-08 23:36:32 +0900
Successfully upgraded to WebSocket (REQUEST_METHOD: GET, HTTP_CONNECTION: Upgrade, HTTP_UPGRADE: websocket)
Finished "/cable/" [WebSocket] for ::1 at 2021-07-08 23:36:32 +0900
Started GET "/cable" for ::1 at 2021-07-08 23:37:28 +0900
Started GET "/cable/" [WebSocket] for ::1 at 2021-07-08 23:37:28 +0900
Successfully upgraded to WebSocket (REQUEST_METHOD: GET, HTTP_CONNECTION: Upgrade, HTTP_UPGRADE: websocket)
WebSocket error occurred: Broken pipe
Finished "/cable/" [WebSocket] for ::1 at 2021-07-08 23:37:28 +0900
Started GET "/cable" for ::1 at 2021-07-08 23:40:29 +0900
Started GET "/cable/" [WebSocket] for ::1 at 2021-07-08 23:40:29 +0900
Successfully upgraded to WebSocket (REQUEST_METHOD: GET, HTTP_CONNECTION: Upgrade, HTTP_UPGRADE: websocket)
Finished "/cable/" [WebSocket] for ::1 at 2021-07-08 23:40:29 +0900
Started GET "/cable" for ::1 at 2021-07-08 23:43:35 +0900
Started GET "/cable/" [WebSocket] for ::1 at 2021-07-08 23:43:35 +0900
Successfully upgraded to WebSocket (REQUEST_METHOD: GET, HTTP_CONNECTION: Upgrade, HTTP_UPGRADE: websocket)
WebSocket error occurred: Broken pipe
Finished "/cable/" [WebSocket] for ::1 at 2021-07-08 23:43:35 +0900
Started GET "/cable" for ::1 at 2021-07-08 23:44:34 +0900
Started GET "/cable/" [WebSocket] for ::1 at 2021-07-08 23:44:34 +0900
Successfully upgraded to WebSocket (REQUEST_METHOD: GET, HTTP_CONNECTION: Upgrade, HTTP_UPGRADE: websocket)
Finished "/cable/" [WebSocket] for ::1 at 2021-07-08 23:44:34 +0900
Started GET "/cable" for ::1 at 2021-07-08 23:45:27 +0900
Started GET "/cable/" [WebSocket] for ::1 at 2021-07-08 23:45:27 +0900
Successfully upgraded to WebSocket (REQUEST_METHOD: GET, HTTP_CONNECTION: Upgrade, HTTP_UPGRADE: websocket)
WebSocket error occurred: Broken pipe
Finished "/cable/" [WebSocket] for ::1 at 2021-07-08 23:45:27 +0900
Started GET "/cable" for ::1 at 2021-07-08 23:50:27 +0900
Started GET "/cable/" [WebSocket] for ::1 at 2021-07-08 23:50:27 +0900
Successfully upgraded to WebSocket (REQUEST_METHOD: GET, HTTP_CONNECTION: Upgrade, HTTP_UPGRADE: websocket)
Finished "/cable/" [WebSocket] for ::1 at 2021-07-08 23:50:27 +0900
Started GET "/cable" for ::1 at 2021-07-08 23:52:42 +0900
Started GET "/cable/" [WebSocket] for ::1 at 2021-07-08 23:52:42 +0900
Successfully upgraded to WebSocket (REQUEST_METHOD: GET, HTTP_CONNECTION: Upgrade, HTTP_UPGRADE: websocket)
WebSocket error occurred: Broken pipe
Finished "/cable/" [WebSocket] for ::1 at 2021-07-08 23:52:42 +0900
Started GET "/cable" for ::1 at 2021-07-08 23:53:23 +0900
Started GET "/cable/" [WebSocket] for ::1 at 2021-07-08 23:53:23 +0900
Successfully upgraded to WebSocket (REQUEST_METHOD: GET, HTTP_CONNECTION: Upgrade, HTTP_UPGRADE: websocket)
Finished "/cable/" [WebSocket] for ::1 at 2021-07-08 23:53:23 +0900
Started GET "/cable" for ::1 at 2021-07-08 23:57:27 +0900
Started GET "/cable/" [WebSocket] for ::1 at 2021-07-08 23:57:27 +0900
Successfully upgraded to WebSocket (REQUEST_METHOD: GET, HTTP_CONNECTION: Upgrade, HTTP_UPGRADE: websocket)
WebSocket error occurred: Broken pipe
Finished "/cable/" [WebSocket] for ::1 at 2021-07-08 23:57:27 +0900
Started GET "/cable" for ::1 at 2021-07-08 23:58:38 +0900
Started GET "/cable/" [WebSocket] for ::1 at 2021-07-08 23:58:38 +0900
Successfully upgraded to WebSocket (REQUEST_METHOD: GET, HTTP_CONNECTION: Upgrade, HTTP_UPGRADE: websocket)
WebSocket error occurred: Broken pipe
Finished "/cable/" [WebSocket] for ::1 at 2021-07-08 23:58:38 +0900
Started GET "/cable" for ::1 at 2021-07-09 00:12:28 +0900
Started GET "/cable/" [WebSocket] for ::1 at 2021-07-09 00:12:28 +0900
Successfully upgraded to WebSocket (REQUEST_METHOD: GET, HTTP_CONNECTION: Upgrade, HTTP_UPGRADE: websocket)
Finished "/cable/" [WebSocket] for ::1 at 2021-07-09 00:12:28 +0900
Started GET "/cable" for ::1 at 2021-07-09 00:13:38 +0900
Started GET "/cable/" [WebSocket] for ::1 at 2021-07-09 00:13:38 +0900
Successfully upgraded to WebSocket (REQUEST_METHOD: GET, HTTP_CONNECTION: Upgrade, HTTP_UPGRADE: websocket)
Finished "/cable/" [WebSocket] for ::1 at 2021-07-09 00:13:38 +0900
Started GET "/cable" for ::1 at 2021-07-09 00:15:21 +0900
Started GET "/cable/" [WebSocket] for ::1 at 2021-07-09 00:15:21 +0900
Successfully upgraded to WebSocket (REQUEST_METHOD: GET, HTTP_CONNECTION: Upgrade, HTTP_UPGRADE: websocket)
Finished "/cable/" [WebSocket] for ::1 at 2021-07-09 00:15:21 +0900
Started GET "/cable" for ::1 at 2021-07-09 00:16:41 +0900
Started GET "/cable/" [WebSocket] for ::1 at 2021-07-09 00:16:41 +0900
Successfully upgraded to WebSocket (REQUEST_METHOD: GET, HTTP_CONNECTION: Upgrade, HTTP_UPGRADE: websocket)
Finished "/cable/" [WebSocket] for ::1 at 2021-07-09 00:16:41 +0900
Started GET "/cable" for ::1 at 2021-07-09 00:18:28 +0900
Started GET "/cable/" [WebSocket] for ::1 at 2021-07-09 00:18:28 +0900
Successfully upgraded to WebSocket (REQUEST_METHOD: GET, HTTP_CONNECTION: Upgrade, HTTP_UPGRADE: websocket)
Finished "/cable/" [WebSocket] for ::1 at 2021-07-09 00:18:28 +0900
Started GET "/cable" for ::1 at 2021-07-09 00:20:38 +0900
Started GET "/cable/" [WebSocket] for ::1 at 2021-07-09 00:20:38 +0900
Successfully upgraded to WebSocket (REQUEST_METHOD: GET, HTTP_CONNECTION: Upgrade, HTTP_UPGRADE: websocket)
Finished "/cable/" [WebSocket] for ::1 at 2021-07-09 00:20:38 +0900
Started GET "/cable" for ::1 at 2021-07-09 00:21:33 +0900
Started GET "/cable/" [WebSocket] for ::1 at 2021-07-09 00:21:33 +0900
Successfully upgraded to WebSocket (REQUEST_METHOD: GET, HTTP_CONNECTION: Upgrade, HTTP_UPGRADE: websocket)
Finished "/cable/" [WebSocket] for ::1 at 2021-07-09 00:21:33 +0900
Started GET "/cable" for ::1 at 2021-07-09 00:22:25 +0900
Started GET "/cable/" [WebSocket] for ::1 at 2021-07-09 00:22:25 +0900
Successfully upgraded to WebSocket (REQUEST_METHOD: GET, HTTP_CONNECTION: Upgrade, HTTP_UPGRADE: websocket)
Finished "/cable/" [WebSocket] for ::1 at 2021-07-09 00:22:25 +0900
Started GET "/cable" for ::1 at 2021-07-09 00:23:37 +0900
Started GET "/cable/" [WebSocket] for ::1 at 2021-07-09 00:23:37 +0900
Successfully upgraded to WebSocket (REQUEST_METHOD: GET, HTTP_CONNECTION: Upgrade, HTTP_UPGRADE: websocket)
WebSocket error occurred: Broken pipe
Finished "/cable/" [WebSocket] for ::1 at 2021-07-09 00:23:37 +0900
